mode: set
github.com/Fantom-foundation/Carmen/go/database/mpt/tool/benchmark.go:102.44,105.22 2 0
github.com/Fantom-foundation/Carmen/go/database/mpt/tool/benchmark.go:105.22,107.3 1 0
github.com/Fantom-foundation/Carmen/go/database/mpt/tool/benchmark.go:109.2,110.52 2 0
github.com/Fantom-foundation/Carmen/go/database/mpt/tool/benchmark.go:110.52,113.13 3 0
github.com/Fantom-foundation/Carmen/go/database/mpt/tool/benchmark.go:113.13,116.4 2 0
github.com/Fantom-foundation/Carmen/go/database/mpt/tool/benchmark.go:117.3,118.37 2 0
github.com/Fantom-foundation/Carmen/go/database/mpt/tool/benchmark.go:121.2,134.33 2 0
github.com/Fantom-foundation/Carmen/go/database/mpt/tool/benchmark.go:134.33,138.4 3 0
github.com/Fantom-foundation/Carmen/go/database/mpt/tool/benchmark.go:140.2,140.16 1 0
github.com/Fantom-foundation/Carmen/go/database/mpt/tool/benchmark.go:140.16,142.3 1 0
github.com/Fantom-foundation/Carmen/go/database/mpt/tool/benchmark.go:144.2,145.40 2 0
github.com/Fantom-foundation/Carmen/go/database/mpt/tool/benchmark.go:145.40,147.3 1 0
github.com/Fantom-foundation/Carmen/go/database/mpt/tool/benchmark.go:148.2,150.12 3 0
github.com/Fantom-foundation/Carmen/go/database/mpt/tool/benchmark.go:182.28,192.22 6 1
github.com/Fantom-foundation/Carmen/go/database/mpt/tool/benchmark.go:192.22,193.94 1 1
github.com/Fantom-foundation/Carmen/go/database/mpt/tool/benchmark.go:193.94,195.4 1 0
github.com/Fantom-foundation/Carmen/go/database/mpt/tool/benchmark.go:196.3,196.26 1 1
github.com/Fantom-foundation/Carmen/go/database/mpt/tool/benchmark.go:200.2,200.20 1 1
github.com/Fantom-foundation/Carmen/go/database/mpt/tool/benchmark.go:200.20,201.88 1 0
github.com/Fantom-foundation/Carmen/go/database/mpt/tool/benchmark.go:201.88,203.4 1 0
github.com/Fantom-foundation/Carmen/go/database/mpt/tool/benchmark.go:204.3,204.21 1 0
github.com/Fantom-foundation/Carmen/go/database/mpt/tool/benchmark.go:207.2,209.12 3 1
github.com/Fantom-foundation/Carmen/go/database/mpt/tool/benchmark.go:209.12,210.15 1 1
github.com/Fantom-foundation/Carmen/go/database/mpt/tool/benchmark.go:210.15,214.4 3 0
github.com/Fantom-foundation/Carmen/go/database/mpt/tool/benchmark.go:218.2,220.20 2 1
github.com/Fantom-foundation/Carmen/go/database/mpt/tool/benchmark.go:220.20,222.3 1 1
github.com/Fantom-foundation/Carmen/go/database/mpt/tool/benchmark.go:222.8,224.3 1 1
github.com/Fantom-foundation/Carmen/go/database/mpt/tool/benchmark.go:225.2,225.45 1 1
github.com/Fantom-foundation/Carmen/go/database/mpt/tool/benchmark.go:225.45,227.3 1 0
github.com/Fantom-foundation/Carmen/go/database/mpt/tool/benchmark.go:228.2,228.22 1 1
github.com/Fantom-foundation/Carmen/go/database/mpt/tool/benchmark.go:228.22,230.3 1 1
github.com/Fantom-foundation/Carmen/go/database/mpt/tool/benchmark.go:230.8,232.16 2 1
github.com/Fantom-foundation/Carmen/go/database/mpt/tool/benchmark.go:232.16,234.45 2 1
github.com/Fantom-foundation/Carmen/go/database/mpt/tool/benchmark.go:234.45,236.5 1 0
github.com/Fantom-foundation/Carmen/go/database/mpt/tool/benchmark.go:241.2,242.20 2 1
github.com/Fantom-foundation/Carmen/go/database/mpt/tool/benchmark.go:242.20,244.3 1 1
github.com/Fantom-foundation/Carmen/go/database/mpt/tool/benchmark.go:245.2,251.16 2 1
github.com/Fantom-foundation/Carmen/go/database/mpt/tool/benchmark.go:251.16,253.3 1 0
github.com/Fantom-foundation/Carmen/go/database/mpt/tool/benchmark.go:254.2,254.15 1 1
github.com/Fantom-foundation/Carmen/go/database/mpt/tool/benchmark.go:254.15,256.39 2 1
github.com/Fantom-foundation/Carmen/go/database/mpt/tool/benchmark.go:256.39,258.4 1 0
github.com/Fantom-foundation/Carmen/go/database/mpt/tool/benchmark.go:259.3,260.59 2 1
github.com/Fantom-foundation/Carmen/go/database/mpt/tool/benchmark.go:264.2,282.33 11 1
github.com/Fantom-foundation/Carmen/go/database/mpt/tool/benchmark.go:282.33,283.41 1 1
github.com/Fantom-foundation/Carmen/go/database/mpt/tool/benchmark.go:283.41,287.4 3 0
github.com/Fantom-foundation/Carmen/go/database/mpt/tool/benchmark.go:288.3,290.43 3 1
github.com/Fantom-foundation/Carmen/go/database/mpt/tool/benchmark.go:290.43,295.4 4 1
github.com/Fantom-foundation/Carmen/go/database/mpt/tool/benchmark.go:296.3,296.56 1 1
github.com/Fantom-foundation/Carmen/go/database/mpt/tool/benchmark.go:296.56,298.4 1 0
github.com/Fantom-foundation/Carmen/go/database/mpt/tool/benchmark.go:300.3,300.35 1 1
github.com/Fantom-foundation/Carmen/go/database/mpt/tool/benchmark.go:300.35,301.22 1 1
github.com/Fantom-foundation/Carmen/go/database/mpt/tool/benchmark.go:301.22,303.5 1 0
github.com/Fantom-foundation/Carmen/go/database/mpt/tool/benchmark.go:304.4,304.24 1 1
github.com/Fantom-foundation/Carmen/go/database/mpt/tool/benchmark.go:304.24,306.5 1 1
github.com/Fantom-foundation/Carmen/go/database/mpt/tool/benchmark.go:307.4,332.24 11 1
github.com/Fantom-foundation/Carmen/go/database/mpt/tool/benchmark.go:332.24,334.5 1 1
github.com/Fantom-foundation/Carmen/go/database/mpt/tool/benchmark.go:335.4,335.22 1 1
github.com/Fantom-foundation/Carmen/go/database/mpt/tool/benchmark.go:335.22,337.5 1 0
github.com/Fantom-foundation/Carmen/go/database/mpt/tool/benchmark.go:340.2,352.17 6 1
github.com/Fantom-foundation/Carmen/go/database/mpt/tool/benchmark.go:355.46,357.16 2 1
github.com/Fantom-foundation/Carmen/go/database/mpt/tool/benchmark.go:357.16,359.3 1 0
github.com/Fantom-foundation/Carmen/go/database/mpt/tool/benchmark.go:360.2,360.49 1 1
github.com/Fantom-foundation/Carmen/go/database/mpt/tool/benchmark.go:360.49,362.3 1 0
github.com/Fantom-foundation/Carmen/go/database/mpt/tool/benchmark.go:363.2,363.12 1 1
github.com/Fantom-foundation/Carmen/go/database/mpt/tool/benchmark.go:366.24,368.2 1 1
github.com/Fantom-foundation/Carmen/go/database/mpt/tool/benchmark.go:370.41,372.16 2 0
github.com/Fantom-foundation/Carmen/go/database/mpt/tool/benchmark.go:372.16,374.3 1 0
github.com/Fantom-foundation/Carmen/go/database/mpt/tool/benchmark.go:375.2,375.47 1 0
github.com/Fantom-foundation/Carmen/go/database/mpt/tool/benchmark.go:375.47,377.3 1 0
github.com/Fantom-foundation/Carmen/go/database/mpt/tool/benchmark.go:378.2,378.12 1 0
github.com/Fantom-foundation/Carmen/go/database/mpt/tool/benchmark.go:381.19,383.2 1 0
github.com/Fantom-foundation/Carmen/go/database/mpt/tool/benchmark.go:386.47,388.80 2 1
github.com/Fantom-foundation/Carmen/go/database/mpt/tool/benchmark.go:388.80,389.17 1 1
github.com/Fantom-foundation/Carmen/go/database/mpt/tool/benchmark.go:389.17,391.4 1 0
github.com/Fantom-foundation/Carmen/go/database/mpt/tool/benchmark.go:392.3,392.20 1 1
github.com/Fantom-foundation/Carmen/go/database/mpt/tool/benchmark.go:392.20,394.4 1 1
github.com/Fantom-foundation/Carmen/go/database/mpt/tool/benchmark.go:395.3,395.13 1 1
github.com/Fantom-foundation/Carmen/go/database/mpt/tool/benchmark.go:397.2,397.12 1 1
github.com/Fantom-foundation/Carmen/go/database/mpt/tool/block.go:39.40,41.31 1 0
github.com/Fantom-foundation/Carmen/go/database/mpt/tool/block.go:41.31,43.3 1 0
github.com/Fantom-foundation/Carmen/go/database/mpt/tool/block.go:46.2,47.49 2 0
github.com/Fantom-foundation/Carmen/go/database/mpt/tool/block.go:47.49,48.62 1 0
github.com/Fantom-foundation/Carmen/go/database/mpt/tool/block.go:48.62,50.4 1 0
github.com/Fantom-foundation/Carmen/go/database/mpt/tool/block.go:51.3,51.26 1 0
github.com/Fantom-foundation/Carmen/go/database/mpt/tool/block.go:54.2,59.16 4 0
github.com/Fantom-foundation/Carmen/go/database/mpt/tool/block.go:59.16,61.3 1 0
github.com/Fantom-foundation/Carmen/go/database/mpt/tool/block.go:62.2,63.16 2 0
github.com/Fantom-foundation/Carmen/go/database/mpt/tool/block.go:63.16,65.3 1 0
github.com/Fantom-foundation/Carmen/go/database/mpt/tool/block.go:67.2,69.16 3 0
github.com/Fantom-foundation/Carmen/go/database/mpt/tool/block.go:69.16,71.3 1 0
github.com/Fantom-foundation/Carmen/go/database/mpt/tool/block.go:72.2,75.16 3 0
github.com/Fantom-foundation/Carmen/go/database/mpt/tool/block.go:75.16,77.3 1 0
github.com/Fantom-foundation/Carmen/go/database/mpt/tool/block.go:78.2,80.16 3 0
github.com/Fantom-foundation/Carmen/go/database/mpt/tool/block.go:80.16,82.3 1 0
github.com/Fantom-foundation/Carmen/go/database/mpt/tool/block.go:83.2,85.40 2 0
github.com/Fantom-foundation/Carmen/go/database/mpt/tool/block.go:85.40,87.3 1 0
github.com/Fantom-foundation/Carmen/go/database/mpt/tool/block.go:88.2,88.12 1 0
github.com/Fantom-foundation/Carmen/go/database/mpt/tool/block.go:91.57,93.34 2 0
github.com/Fantom-foundation/Carmen/go/database/mpt/tool/block.go:93.34,94.17 1 0
github.com/Fantom-foundation/Carmen/go/database/mpt/tool/block.go:94.17,96.4 1 0
github.com/Fantom-foundation/Carmen/go/database/mpt/tool/block.go:97.3,97.26 1 0
github.com/Fantom-foundation/Carmen/go/database/mpt/tool/block.go:97.26,99.4 1 0
github.com/Fantom-foundation/Carmen/go/database/mpt/tool/block.go:100.3,100.24 1 0
github.com/Fantom-foundation/Carmen/go/database/mpt/tool/block.go:100.24,102.4 1 0
github.com/Fantom-foundation/Carmen/go/database/mpt/tool/block.go:103.3,103.23 1 0
github.com/Fantom-foundation/Carmen/go/database/mpt/tool/block.go:103.23,105.4 1 0
github.com/Fantom-foundation/Carmen/go/database/mpt/tool/block.go:106.3,106.40 1 0
github.com/Fantom-foundation/Carmen/go/database/mpt/tool/block.go:106.40,108.4 1 0
github.com/Fantom-foundation/Carmen/go/database/mpt/tool/block.go:110.2,111.17 2 0
github.com/Fantom-foundation/Carmen/go/database/mpt/tool/check.go:32.40,34.31 1 0
github.com/Fantom-foundation/Carmen/go/database/mpt/tool/check.go:34.31,36.3 1 0
github.com/Fantom-foundation/Carmen/go/database/mpt/tool/check.go:39.2,40.49 2 0
github.com/Fantom-foundation/Carmen/go/database/mpt/tool/check.go:40.49,41.62 1 0
github.com/Fantom-foundation/Carmen/go/database/mpt/tool/check.go:41.62,43.4 1 0
github.com/Fantom-foundation/Carmen/go/database/mpt/tool/check.go:44.3,44.26 1 0
github.com/Fantom-foundation/Carmen/go/database/mpt/tool/check.go:47.2,51.16 3 0
github.com/Fantom-foundation/Carmen/go/database/mpt/tool/check.go:51.16,53.3 1 0
github.com/Fantom-foundation/Carmen/go/database/mpt/tool/check.go:55.2,55.32 1 0
github.com/Fantom-foundation/Carmen/go/database/mpt/tool/check.go:55.32,58.3 2 0
github.com/Fantom-foundation/Carmen/go/database/mpt/tool/check.go:58.8,61.3 2 0
github.com/Fantom-foundation/Carmen/go/database/mpt/tool/check.go:62.2,62.16 1 0
github.com/Fantom-foundation/Carmen/go/database/mpt/tool/check.go:62.16,64.3 1 0
github.com/Fantom-foundation/Carmen/go/database/mpt/tool/check.go:65.2,65.12 1 0
github.com/Fantom-foundation/Carmen/go/database/mpt/tool/check.go:68.53,70.16 2 0
github.com/Fantom-foundation/Carmen/go/database/mpt/tool/check.go:70.16,72.3 1 0
github.com/Fantom-foundation/Carmen/go/database/mpt/tool/check.go:73.2,74.21 2 0
github.com/Fantom-foundation/Carmen/go/database/mpt/tool/check.go:77.54,79.16 2 0
github.com/Fantom-foundation/Carmen/go/database/mpt/tool/check.go:79.16,81.3 1 0
github.com/Fantom-foundation/Carmen/go/database/mpt/tool/check.go:82.2,83.24 2 0
github.com/Fantom-foundation/Carmen/go/database/mpt/tool/export.go:40.43,41.31 1 0
github.com/Fantom-foundation/Carmen/go/database/mpt/tool/export.go:41.31,43.3 1 0
github.com/Fantom-foundation/Carmen/go/database/mpt/tool/export.go:44.2,49.49 4 0
github.com/Fantom-foundation/Carmen/go/database/mpt/tool/export.go:49.49,50.62 1 0
github.com/Fantom-foundation/Carmen/go/database/mpt/tool/export.go:50.62,52.4 1 0
github.com/Fantom-foundation/Carmen/go/database/mpt/tool/export.go:53.3,53.26 1 0
github.com/Fantom-foundation/Carmen/go/database/mpt/tool/export.go:57.2,58.16 2 0
github.com/Fantom-foundation/Carmen/go/database/mpt/tool/export.go:58.16,60.3 1 0
github.com/Fantom-foundation/Carmen/go/database/mpt/tool/export.go:62.2,66.16 4 0
github.com/Fantom-foundation/Carmen/go/database/mpt/tool/export.go:66.16,68.3 1 0
github.com/Fantom-foundation/Carmen/go/database/mpt/tool/export.go:69.2,75.9 5 0
github.com/Fantom-foundation/Carmen/go/database/mpt/tool/export.go:76.76,79.61 2 0
github.com/Fantom-foundation/Carmen/go/database/mpt/tool/export.go:80.37,82.39 1 0
github.com/Fantom-foundation/Carmen/go/database/mpt/tool/export.go:83.10,85.46 1 0
github.com/Fantom-foundation/Carmen/go/database/mpt/tool/export.go:89.2,94.16 1 0
github.com/Fantom-foundation/Carmen/go/database/mpt/tool/export.go:94.16,96.3 1 0
github.com/Fantom-foundation/Carmen/go/database/mpt/tool/export.go:97.2,98.12 2 0
github.com/Fantom-foundation/Carmen/go/database/mpt/tool/export.go:101.48,105.2 3 0
github.com/Fantom-foundation/Carmen/go/database/mpt/tool/import.go:57.49,59.2 1 0
github.com/Fantom-foundation/Carmen/go/database/mpt/tool/import.go:61.50,63.2 1 0
github.com/Fantom-foundation/Carmen/go/database/mpt/tool/import.go:65.57,67.2 1 0
github.com/Fantom-foundation/Carmen/go/database/mpt/tool/import.go:69.97,70.31 1 0
github.com/Fantom-foundation/Carmen/go/database/mpt/tool/import.go:70.31,72.3 1 0
github.com/Fantom-foundation/Carmen/go/database/mpt/tool/import.go:73.2,78.49 4 0
github.com/Fantom-foundation/Carmen/go/database/mpt/tool/import.go:78.49,79.62 1 0
github.com/Fantom-foundation/Carmen/go/database/mpt/tool/import.go:79.62,81.4 1 0
github.com/Fantom-foundation/Carmen/go/database/mpt/tool/import.go:82.3,82.26 1 0
github.com/Fantom-foundation/Carmen/go/database/mpt/tool/import.go:85.2,85.47 1 0
github.com/Fantom-foundation/Carmen/go/database/mpt/tool/import.go:85.47,87.3 1 0
github.com/Fantom-foundation/Carmen/go/database/mpt/tool/import.go:89.2,92.16 4 0
github.com/Fantom-foundation/Carmen/go/database/mpt/tool/import.go:92.16,94.3 1 0
github.com/Fantom-foundation/Carmen/go/database/mpt/tool/import.go:95.2,96.46 2 0
github.com/Fantom-foundation/Carmen/go/database/mpt/tool/import.go:96.46,98.3 1 0
github.com/Fantom-foundation/Carmen/go/database/mpt/tool/import.go:99.2,99.15 1 0
github.com/Fantom-foundation/Carmen/go/database/mpt/tool/import.go:99.15,101.3 1 0
github.com/Fantom-foundation/Carmen/go/database/mpt/tool/import.go:102.2,105.3 1 0
github.com/Fantom-foundation/Carmen/go/database/mpt/tool/info.go:38.39,40.31 1 0
github.com/Fantom-foundation/Carmen/go/database/mpt/tool/info.go:40.31,42.3 1 0
github.com/Fantom-foundation/Carmen/go/database/mpt/tool/info.go:43.2,49.16 4 0
github.com/Fantom-foundation/Carmen/go/database/mpt/tool/info.go:49.16,51.3 1 0
github.com/Fantom-foundation/Carmen/go/database/mpt/tool/info.go:53.2,58.33 4 0
github.com/Fantom-foundation/Carmen/go/database/mpt/tool/info.go:58.33,60.17 2 0
github.com/Fantom-foundation/Carmen/go/database/mpt/tool/info.go:60.17,63.4 2 0
github.com/Fantom-foundation/Carmen/go/database/mpt/tool/info.go:63.9,65.4 1 0
github.com/Fantom-foundation/Carmen/go/database/mpt/tool/info.go:67.3,67.16 1 0
github.com/Fantom-foundation/Carmen/go/database/mpt/tool/info.go:67.16,70.18 3 0
github.com/Fantom-foundation/Carmen/go/database/mpt/tool/info.go:70.18,72.5 1 0
github.com/Fantom-foundation/Carmen/go/database/mpt/tool/info.go:73.4,74.31 2 0
github.com/Fantom-foundation/Carmen/go/database/mpt/tool/info.go:77.3,77.38 1 0
github.com/Fantom-foundation/Carmen/go/database/mpt/tool/info.go:77.38,79.4 1 0
github.com/Fantom-foundation/Carmen/go/database/mpt/tool/info.go:80.8,82.17 2 0
github.com/Fantom-foundation/Carmen/go/database/mpt/tool/info.go:82.17,85.4 2 0
github.com/Fantom-foundation/Carmen/go/database/mpt/tool/info.go:85.9,87.4 1 0
github.com/Fantom-foundation/Carmen/go/database/mpt/tool/info.go:89.3,90.17 2 0
github.com/Fantom-foundation/Carmen/go/database/mpt/tool/info.go:90.17,92.4 1 0
github.com/Fantom-foundation/Carmen/go/database/mpt/tool/info.go:92.9,92.19 1 0
github.com/Fantom-foundation/Carmen/go/database/mpt/tool/info.go:92.19,94.4 1 0
github.com/Fantom-foundation/Carmen/go/database/mpt/tool/info.go:94.9,96.4 1 0
github.com/Fantom-foundation/Carmen/go/database/mpt/tool/info.go:98.3,98.41 1 0
github.com/Fantom-foundation/Carmen/go/database/mpt/tool/info.go:98.41,100.4 1 0
github.com/Fantom-foundation/Carmen/go/database/mpt/tool/info.go:102.3,102.16 1 0
github.com/Fantom-foundation/Carmen/go/database/mpt/tool/info.go:102.16,105.18 3 0
github.com/Fantom-foundation/Carmen/go/database/mpt/tool/info.go:105.18,107.5 1 0
github.com/Fantom-foundation/Carmen/go/database/mpt/tool/info.go:108.4,109.31 2 0
github.com/Fantom-foundation/Carmen/go/database/mpt/tool/info.go:114.2,114.12 1 0
github.com/Fantom-foundation/Carmen/go/database/mpt/tool/init_archive.go:42.48,43.31 1 0
github.com/Fantom-foundation/Carmen/go/database/mpt/tool/init_archive.go:43.31,45.3 1 0
github.com/Fantom-foundation/Carmen/go/database/mpt/tool/init_archive.go:46.2,49.44 3 0
github.com/Fantom-foundation/Carmen/go/database/mpt/tool/init_archive.go:49.44,51.3 1 0
github.com/Fantom-foundation/Carmen/go/database/mpt/tool/init_archive.go:53.2,56.16 3 0
github.com/Fantom-foundation/Carmen/go/database/mpt/tool/init_archive.go:56.16,58.3 1 0
github.com/Fantom-foundation/Carmen/go/database/mpt/tool/init_archive.go:59.2,60.46 2 0
github.com/Fantom-foundation/Carmen/go/database/mpt/tool/init_archive.go:60.46,62.3 1 0
github.com/Fantom-foundation/Carmen/go/database/mpt/tool/init_archive.go:63.2,66.3 1 0
github.com/Fantom-foundation/Carmen/go/database/mpt/tool/main.go:23.13,44.41 2 0
github.com/Fantom-foundation/Carmen/go/database/mpt/tool/main.go:44.41,47.3 2 0
github.com/Fantom-foundation/Carmen/go/database/mpt/tool/stress.go:58.45,65.22 3 0
github.com/Fantom-foundation/Carmen/go/database/mpt/tool/stress.go:65.22,67.3 1 0
github.com/Fantom-foundation/Carmen/go/database/mpt/tool/stress.go:69.2,70.16 2 0
github.com/Fantom-foundation/Carmen/go/database/mpt/tool/stress.go:70.16,72.3 1 0
github.com/Fantom-foundation/Carmen/go/database/mpt/tool/stress.go:73.2,87.16 8 0
github.com/Fantom-foundation/Carmen/go/database/mpt/tool/stress.go:87.16,89.3 1 0
github.com/Fantom-foundation/Carmen/go/database/mpt/tool/stress.go:91.2,92.20 2 0
github.com/Fantom-foundation/Carmen/go/database/mpt/tool/stress.go:92.20,94.3 1 0
github.com/Fantom-foundation/Carmen/go/database/mpt/tool/stress.go:95.2,103.25 7 0
github.com/Fantom-foundation/Carmen/go/database/mpt/tool/stress.go:103.25,104.22 1 0
github.com/Fantom-foundation/Carmen/go/database/mpt/tool/stress.go:104.22,106.4 1 0
github.com/Fantom-foundation/Carmen/go/database/mpt/tool/stress.go:107.3,109.25 3 0
github.com/Fantom-foundation/Carmen/go/database/mpt/tool/stress.go:111.2,112.12 2 0
github.com/Fantom-foundation/Carmen/go/database/mpt/tool/stress.go:112.12,115.7 3 0
github.com/Fantom-foundation/Carmen/go/database/mpt/tool/stress.go:115.7,116.11 1 0
github.com/Fantom-foundation/Carmen/go/database/mpt/tool/stress.go:117.22,118.11 1 0
github.com/Fantom-foundation/Carmen/go/database/mpt/tool/stress.go:119.20,120.27 1 0
github.com/Fantom-foundation/Carmen/go/database/mpt/tool/stress.go:125.2,128.33 4 0
github.com/Fantom-foundation/Carmen/go/database/mpt/tool/stress.go:128.33,129.33 1 0
github.com/Fantom-foundation/Carmen/go/database/mpt/tool/stress.go:129.33,131.9 2 0
github.com/Fantom-foundation/Carmen/go/database/mpt/tool/stress.go:133.3,133.46 1 0
github.com/Fantom-foundation/Carmen/go/database/mpt/tool/stress.go:133.46,135.4 1 0
github.com/Fantom-foundation/Carmen/go/database/mpt/tool/stress.go:138.2,140.14 2 0
github.com/Fantom-foundation/Carmen/go/database/mpt/tool/stress.go:140.14,143.3 2 0
github.com/Fantom-foundation/Carmen/go/database/mpt/tool/stress.go:145.2,145.35 1 0
github.com/Fantom-foundation/Carmen/go/database/mpt/tool/stress.go:145.35,147.3 1 0
github.com/Fantom-foundation/Carmen/go/database/mpt/tool/stress.go:149.2,149.42 1 0
github.com/Fantom-foundation/Carmen/go/database/mpt/tool/stress.go:149.42,151.3 1 0
github.com/Fantom-foundation/Carmen/go/database/mpt/tool/stress.go:153.2,153.14 1 0
github.com/Fantom-foundation/Carmen/go/database/mpt/tool/stress.go:153.14,155.3 1 0
github.com/Fantom-foundation/Carmen/go/database/mpt/tool/stress.go:157.2,157.12 1 0
github.com/Fantom-foundation/Carmen/go/database/mpt/tool/stress.go:172.75,179.2 1 0
github.com/Fantom-foundation/Carmen/go/database/mpt/tool/stress.go:181.44,185.16 4 0
github.com/Fantom-foundation/Carmen/go/database/mpt/tool/stress.go:185.16,188.3 2 0
github.com/Fantom-foundation/Carmen/go/database/mpt/tool/stress.go:190.2,193.34 4 0
github.com/Fantom-foundation/Carmen/go/database/mpt/tool/stress.go:193.34,195.3 1 0
github.com/Fantom-foundation/Carmen/go/database/mpt/tool/stress.go:196.2,214.3 9 0
github.com/Fantom-foundation/Carmen/go/database/mpt/tool/stress.go:217.59,223.39 4 0
github.com/Fantom-foundation/Carmen/go/database/mpt/tool/stress.go:223.39,230.31 2 0
github.com/Fantom-foundation/Carmen/go/database/mpt/tool/stress.go:231.17,232.21 1 0
github.com/Fantom-foundation/Carmen/go/database/mpt/tool/stress.go:233.18,234.24 1 0
github.com/Fantom-foundation/Carmen/go/database/mpt/tool/stress.go:235.11,236.27 1 0
github.com/Fantom-foundation/Carmen/go/database/mpt/tool/stress.go:238.3,238.17 1 0
github.com/Fantom-foundation/Carmen/go/database/mpt/tool/stress.go:238.17,240.4 1 0
github.com/Fantom-foundation/Carmen/go/database/mpt/tool/stress.go:243.2,243.50 1 0
github.com/Fantom-foundation/Carmen/go/database/mpt/tool/stress.go:243.50,245.3 1 0
github.com/Fantom-foundation/Carmen/go/database/mpt/tool/stress.go:247.2,248.12 2 0
github.com/Fantom-foundation/Carmen/go/database/mpt/tool/stress.go:251.43,254.47 3 0
github.com/Fantom-foundation/Carmen/go/database/mpt/tool/stress.go:254.47,256.3 1 0
github.com/Fantom-foundation/Carmen/go/database/mpt/tool/stress.go:256.8,260.3 3 0
github.com/Fantom-foundation/Carmen/go/database/mpt/tool/stress.go:261.2,263.18 2 0
github.com/Fantom-foundation/Carmen/go/database/mpt/tool/stress.go:263.18,265.64 2 0
github.com/Fantom-foundation/Carmen/go/database/mpt/tool/stress.go:265.64,267.4 1 0
github.com/Fantom-foundation/Carmen/go/database/mpt/tool/stress.go:270.2,276.16 6 0
github.com/Fantom-foundation/Carmen/go/database/mpt/tool/stress.go:276.16,278.3 1 0
github.com/Fantom-foundation/Carmen/go/database/mpt/tool/stress.go:279.2,279.57 1 0
github.com/Fantom-foundation/Carmen/go/database/mpt/tool/stress.go:279.57,281.3 1 0
github.com/Fantom-foundation/Carmen/go/database/mpt/tool/stress.go:283.2,284.58 2 0
github.com/Fantom-foundation/Carmen/go/database/mpt/tool/stress.go:284.58,286.3 1 0
github.com/Fantom-foundation/Carmen/go/database/mpt/tool/stress.go:287.2,288.12 2 0
github.com/Fantom-foundation/Carmen/go/database/mpt/tool/stress.go:291.46,292.23 1 0
github.com/Fantom-foundation/Carmen/go/database/mpt/tool/stress.go:292.23,294.3 1 0
github.com/Fantom-foundation/Carmen/go/database/mpt/tool/stress.go:295.2,300.25 5 0
github.com/Fantom-foundation/Carmen/go/database/mpt/tool/stress.go:300.25,302.8 2 0
github.com/Fantom-foundation/Carmen/go/database/mpt/tool/stress.go:304.2,307.16 3 0
github.com/Fantom-foundation/Carmen/go/database/mpt/tool/stress.go:307.16,309.3 1 0
github.com/Fantom-foundation/Carmen/go/database/mpt/tool/stress.go:310.2,310.70 1 0
github.com/Fantom-foundation/Carmen/go/database/mpt/tool/stress.go:310.70,312.3 1 0
github.com/Fantom-foundation/Carmen/go/database/mpt/tool/stress.go:314.2,316.58 3 0
github.com/Fantom-foundation/Carmen/go/database/mpt/tool/stress.go:316.58,318.3 1 0
github.com/Fantom-foundation/Carmen/go/database/mpt/tool/stress.go:319.2,320.12 2 0
github.com/Fantom-foundation/Carmen/go/database/mpt/tool/stress.go:323.49,324.23 1 0
github.com/Fantom-foundation/Carmen/go/database/mpt/tool/stress.go:324.23,326.3 1 0
github.com/Fantom-foundation/Carmen/go/database/mpt/tool/stress.go:327.2,329.49 3 0
github.com/Fantom-foundation/Carmen/go/database/mpt/tool/stress.go:329.49,331.3 1 0
github.com/Fantom-foundation/Carmen/go/database/mpt/tool/stress.go:332.2,333.12 2 0
github.com/Fantom-foundation/Carmen/go/database/mpt/tool/stress.go:336.55,337.25 1 0
github.com/Fantom-foundation/Carmen/go/database/mpt/tool/stress.go:337.25,339.3 1 0
github.com/Fantom-foundation/Carmen/go/database/mpt/tool/stress.go:340.2,340.22 1 0
github.com/Fantom-foundation/Carmen/go/database/mpt/tool/stress.go:345.41,347.2 1 0
github.com/Fantom-foundation/Carmen/go/database/mpt/tool/stress.go:349.33,351.2 1 0
github.com/Fantom-foundation/Carmen/go/database/mpt/tool/stress.go:353.37,355.2 1 0
github.com/Fantom-foundation/Carmen/go/database/mpt/tool/stress.go:358.47,361.16 3 0
github.com/Fantom-foundation/Carmen/go/database/mpt/tool/stress.go:361.16,363.3 1 0
github.com/Fantom-foundation/Carmen/go/database/mpt/tool/stress.go:364.2,364.48 1 0
github.com/Fantom-foundation/Carmen/go/database/mpt/tool/stress.go:367.30,371.2 3 0
github.com/Fantom-foundation/Carmen/go/database/mpt/tool/verify.go:33.41,35.31 1 0
github.com/Fantom-foundation/Carmen/go/database/mpt/tool/verify.go:35.31,37.3 1 0
github.com/Fantom-foundation/Carmen/go/database/mpt/tool/verify.go:40.2,41.49 2 0
github.com/Fantom-foundation/Carmen/go/database/mpt/tool/verify.go:41.49,42.62 1 0
github.com/Fantom-foundation/Carmen/go/database/mpt/tool/verify.go:42.62,44.4 1 0
github.com/Fantom-foundation/Carmen/go/database/mpt/tool/verify.go:45.3,45.26 1 0
github.com/Fantom-foundation/Carmen/go/database/mpt/tool/verify.go:48.2,52.16 3 0
github.com/Fantom-foundation/Carmen/go/database/mpt/tool/verify.go:52.16,54.3 1 0
github.com/Fantom-foundation/Carmen/go/database/mpt/tool/verify.go:57.2,59.32 2 0
github.com/Fantom-foundation/Carmen/go/database/mpt/tool/verify.go:59.32,61.3 1 0
github.com/Fantom-foundation/Carmen/go/database/mpt/tool/verify.go:62.2,62.59 1 0
github.com/Fantom-foundation/Carmen/go/database/mpt/tool/verify.go:69.52,73.2 3 0
github.com/Fantom-foundation/Carmen/go/database/mpt/tool/verify.go:75.53,78.2 2 0
github.com/Fantom-foundation/Carmen/go/database/mpt/tool/verify.go:80.59,81.16 1 0
github.com/Fantom-foundation/Carmen/go/database/mpt/tool/verify.go:81.16,84.3 2 0
github.com/Fantom-foundation/Carmen/go/database/mpt/tool/verify.go:87.46,91.2 3 0
