mode: set
github.com/Fantom-foundation/Carmen/go/database/mpt/io/archive.go:60.80,62.16 2 1
github.com/Fantom-foundation/Carmen/go/database/mpt/io/archive.go:62.16,64.3 1 0
github.com/Fantom-foundation/Carmen/go/database/mpt/io/archive.go:66.2,66.50 1 1
github.com/Fantom-foundation/Carmen/go/database/mpt/io/archive.go:66.50,68.3 1 0
github.com/Fantom-foundation/Carmen/go/database/mpt/io/archive.go:70.2,71.16 2 1
github.com/Fantom-foundation/Carmen/go/database/mpt/io/archive.go:71.16,73.3 1 0
github.com/Fantom-foundation/Carmen/go/database/mpt/io/archive.go:76.2,76.57 1 1
github.com/Fantom-foundation/Carmen/go/database/mpt/io/archive.go:76.57,78.3 1 0
github.com/Fantom-foundation/Carmen/go/database/mpt/io/archive.go:81.2,81.67 1 1
github.com/Fantom-foundation/Carmen/go/database/mpt/io/archive.go:81.67,83.3 1 0
github.com/Fantom-foundation/Carmen/go/database/mpt/io/archive.go:86.2,87.47 2 1
github.com/Fantom-foundation/Carmen/go/database/mpt/io/archive.go:87.47,89.3 1 0
github.com/Fantom-foundation/Carmen/go/database/mpt/io/archive.go:92.2,93.16 2 1
github.com/Fantom-foundation/Carmen/go/database/mpt/io/archive.go:93.16,95.3 1 0
github.com/Fantom-foundation/Carmen/go/database/mpt/io/archive.go:96.2,96.11 1 1
github.com/Fantom-foundation/Carmen/go/database/mpt/io/archive.go:96.11,98.3 1 0
github.com/Fantom-foundation/Carmen/go/database/mpt/io/archive.go:101.2,101.53 1 1
github.com/Fantom-foundation/Carmen/go/database/mpt/io/archive.go:101.53,102.33 1 1
github.com/Fantom-foundation/Carmen/go/database/mpt/io/archive.go:102.33,104.4 1 1
github.com/Fantom-foundation/Carmen/go/database/mpt/io/archive.go:105.3,106.17 2 1
github.com/Fantom-foundation/Carmen/go/database/mpt/io/archive.go:106.17,108.4 1 0
github.com/Fantom-foundation/Carmen/go/database/mpt/io/archive.go:109.3,109.21 1 1
github.com/Fantom-foundation/Carmen/go/database/mpt/io/archive.go:109.21,110.12 1 1
github.com/Fantom-foundation/Carmen/go/database/mpt/io/archive.go:114.3,116.41 3 1
github.com/Fantom-foundation/Carmen/go/database/mpt/io/archive.go:116.41,118.4 1 0
github.com/Fantom-foundation/Carmen/go/database/mpt/io/archive.go:121.3,122.17 2 1
github.com/Fantom-foundation/Carmen/go/database/mpt/io/archive.go:122.17,124.4 1 0
github.com/Fantom-foundation/Carmen/go/database/mpt/io/archive.go:125.3,125.77 1 1
github.com/Fantom-foundation/Carmen/go/database/mpt/io/archive.go:125.77,127.4 1 0
github.com/Fantom-foundation/Carmen/go/database/mpt/io/archive.go:128.3,128.47 1 1
github.com/Fantom-foundation/Carmen/go/database/mpt/io/archive.go:128.47,130.4 1 0
github.com/Fantom-foundation/Carmen/go/database/mpt/io/archive.go:133.3,134.45 2 1
github.com/Fantom-foundation/Carmen/go/database/mpt/io/archive.go:134.45,134.107 1 1
github.com/Fantom-foundation/Carmen/go/database/mpt/io/archive.go:135.3,135.37 1 1
github.com/Fantom-foundation/Carmen/go/database/mpt/io/archive.go:135.37,136.52 1 1
github.com/Fantom-foundation/Carmen/go/database/mpt/io/archive.go:136.52,138.5 1 0
github.com/Fantom-foundation/Carmen/go/database/mpt/io/archive.go:139.4,139.51 1 1
github.com/Fantom-foundation/Carmen/go/database/mpt/io/archive.go:139.51,141.5 1 0
github.com/Fantom-foundation/Carmen/go/database/mpt/io/archive.go:142.4,143.25 2 1
github.com/Fantom-foundation/Carmen/go/database/mpt/io/archive.go:143.25,144.53 1 1
github.com/Fantom-foundation/Carmen/go/database/mpt/io/archive.go:144.53,146.6 1 0
github.com/Fantom-foundation/Carmen/go/database/mpt/io/archive.go:148.4,148.34 1 1
github.com/Fantom-foundation/Carmen/go/database/mpt/io/archive.go:148.34,149.53 1 1
github.com/Fantom-foundation/Carmen/go/database/mpt/io/archive.go:149.53,151.6 1 0
github.com/Fantom-foundation/Carmen/go/database/mpt/io/archive.go:152.5,153.46 2 1
github.com/Fantom-foundation/Carmen/go/database/mpt/io/archive.go:153.46,155.6 1 0
github.com/Fantom-foundation/Carmen/go/database/mpt/io/archive.go:157.4,157.32 1 1
github.com/Fantom-foundation/Carmen/go/database/mpt/io/archive.go:157.32,158.53 1 1
github.com/Fantom-foundation/Carmen/go/database/mpt/io/archive.go:158.53,160.6 1 0
github.com/Fantom-foundation/Carmen/go/database/mpt/io/archive.go:161.5,161.65 1 1
github.com/Fantom-foundation/Carmen/go/database/mpt/io/archive.go:161.65,163.6 1 0
github.com/Fantom-foundation/Carmen/go/database/mpt/io/archive.go:165.4,165.31 1 1
github.com/Fantom-foundation/Carmen/go/database/mpt/io/archive.go:165.31,166.53 1 1
github.com/Fantom-foundation/Carmen/go/database/mpt/io/archive.go:166.53,168.6 1 0
github.com/Fantom-foundation/Carmen/go/database/mpt/io/archive.go:169.5,169.64 1 1
github.com/Fantom-foundation/Carmen/go/database/mpt/io/archive.go:169.64,171.6 1 0
github.com/Fantom-foundation/Carmen/go/database/mpt/io/archive.go:173.4,174.41 2 1
github.com/Fantom-foundation/Carmen/go/database/mpt/io/archive.go:174.41,174.93 1 1
github.com/Fantom-foundation/Carmen/go/database/mpt/io/archive.go:175.4,175.29 1 1
github.com/Fantom-foundation/Carmen/go/database/mpt/io/archive.go:175.29,177.34 2 1
github.com/Fantom-foundation/Carmen/go/database/mpt/io/archive.go:177.34,178.54 1 1
github.com/Fantom-foundation/Carmen/go/database/mpt/io/archive.go:178.54,180.7 1 0
github.com/Fantom-foundation/Carmen/go/database/mpt/io/archive.go:181.6,181.49 1 1
github.com/Fantom-foundation/Carmen/go/database/mpt/io/archive.go:181.49,183.7 1 0
github.com/Fantom-foundation/Carmen/go/database/mpt/io/archive.go:184.11,185.54 1 1
github.com/Fantom-foundation/Carmen/go/database/mpt/io/archive.go:185.54,187.7 1 0
github.com/Fantom-foundation/Carmen/go/database/mpt/io/archive.go:188.6,188.49 1 1
github.com/Fantom-foundation/Carmen/go/database/mpt/io/archive.go:188.49,190.7 1 0
github.com/Fantom-foundation/Carmen/go/database/mpt/io/archive.go:191.6,191.51 1 1
github.com/Fantom-foundation/Carmen/go/database/mpt/io/archive.go:191.51,193.7 1 0
github.com/Fantom-foundation/Carmen/go/database/mpt/io/archive.go:199.2,199.24 1 1
github.com/Fantom-foundation/Carmen/go/database/mpt/io/archive.go:202.58,204.55 1 1
github.com/Fantom-foundation/Carmen/go/database/mpt/io/archive.go:204.55,206.3 1 0
github.com/Fantom-foundation/Carmen/go/database/mpt/io/archive.go:207.2,211.3 2 1
github.com/Fantom-foundation/Carmen/go/database/mpt/io/archive.go:214.65,216.55 1 1
github.com/Fantom-foundation/Carmen/go/database/mpt/io/archive.go:216.55,218.3 1 0
github.com/Fantom-foundation/Carmen/go/database/mpt/io/archive.go:219.2,221.51 3 1
github.com/Fantom-foundation/Carmen/go/database/mpt/io/archive.go:224.78,227.51 2 1
github.com/Fantom-foundation/Carmen/go/database/mpt/io/archive.go:227.51,229.3 1 0
github.com/Fantom-foundation/Carmen/go/database/mpt/io/archive.go:229.8,229.53 1 1
github.com/Fantom-foundation/Carmen/go/database/mpt/io/archive.go:229.53,231.3 1 0
github.com/Fantom-foundation/Carmen/go/database/mpt/io/archive.go:234.2,234.56 1 1
github.com/Fantom-foundation/Carmen/go/database/mpt/io/archive.go:234.56,236.3 1 0
github.com/Fantom-foundation/Carmen/go/database/mpt/io/archive.go:236.8,236.46 1 1
github.com/Fantom-foundation/Carmen/go/database/mpt/io/archive.go:236.46,238.3 1 0
github.com/Fantom-foundation/Carmen/go/database/mpt/io/archive.go:241.2,242.16 2 1
github.com/Fantom-foundation/Carmen/go/database/mpt/io/archive.go:242.16,244.3 1 0
github.com/Fantom-foundation/Carmen/go/database/mpt/io/archive.go:245.2,245.15 1 1
github.com/Fantom-foundation/Carmen/go/database/mpt/io/archive.go:245.15,250.3 1 1
github.com/Fantom-foundation/Carmen/go/database/mpt/io/archive.go:253.2,254.16 2 1
github.com/Fantom-foundation/Carmen/go/database/mpt/io/archive.go:254.16,256.3 1 0
github.com/Fantom-foundation/Carmen/go/database/mpt/io/archive.go:257.2,257.15 1 1
github.com/Fantom-foundation/Carmen/go/database/mpt/io/archive.go:257.15,259.3 1 1
github.com/Fantom-foundation/Carmen/go/database/mpt/io/archive.go:262.2,263.6 2 1
github.com/Fantom-foundation/Carmen/go/database/mpt/io/archive.go:263.6,265.57 1 1
github.com/Fantom-foundation/Carmen/go/database/mpt/io/archive.go:265.57,266.21 1 1
github.com/Fantom-foundation/Carmen/go/database/mpt/io/archive.go:266.21,268.5 1 1
github.com/Fantom-foundation/Carmen/go/database/mpt/io/archive.go:269.4,269.14 1 0
github.com/Fantom-foundation/Carmen/go/database/mpt/io/archive.go:271.3,271.20 1 1
github.com/Fantom-foundation/Carmen/go/database/mpt/io/archive.go:272.12,274.57 2 1
github.com/Fantom-foundation/Carmen/go/database/mpt/io/archive.go:274.57,276.5 1 0
github.com/Fantom-foundation/Carmen/go/database/mpt/io/archive.go:277.4,277.31 1 1
github.com/Fantom-foundation/Carmen/go/database/mpt/io/archive.go:278.12,280.18 2 1
github.com/Fantom-foundation/Carmen/go/database/mpt/io/archive.go:280.18,282.5 1 0
github.com/Fantom-foundation/Carmen/go/database/mpt/io/archive.go:283.4,283.25 1 1
github.com/Fantom-foundation/Carmen/go/database/mpt/io/archive.go:284.12,285.68 1 1
github.com/Fantom-foundation/Carmen/go/database/mpt/io/archive.go:285.68,287.5 1 0
github.com/Fantom-foundation/Carmen/go/database/mpt/io/archive.go:288.4,288.58 1 1
github.com/Fantom-foundation/Carmen/go/database/mpt/io/archive.go:288.58,290.5 1 0
github.com/Fantom-foundation/Carmen/go/database/mpt/io/archive.go:291.4,291.61 1 1
github.com/Fantom-foundation/Carmen/go/database/mpt/io/archive.go:293.12,294.58 1 1
github.com/Fantom-foundation/Carmen/go/database/mpt/io/archive.go:294.58,296.5 1 0
github.com/Fantom-foundation/Carmen/go/database/mpt/io/archive.go:297.4,299.54 3 1
github.com/Fantom-foundation/Carmen/go/database/mpt/io/archive.go:299.54,301.5 1 0
github.com/Fantom-foundation/Carmen/go/database/mpt/io/archive.go:302.4,302.32 1 1
github.com/Fantom-foundation/Carmen/go/database/mpt/io/archive.go:302.32,304.5 1 1
github.com/Fantom-foundation/Carmen/go/database/mpt/io/archive.go:306.12,307.27 1 1
github.com/Fantom-foundation/Carmen/go/database/mpt/io/archive.go:309.12,311.57 2 1
github.com/Fantom-foundation/Carmen/go/database/mpt/io/archive.go:311.57,313.5 1 0
github.com/Fantom-foundation/Carmen/go/database/mpt/io/archive.go:314.4,314.58 1 1
github.com/Fantom-foundation/Carmen/go/database/mpt/io/archive.go:316.12,318.55 2 1
github.com/Fantom-foundation/Carmen/go/database/mpt/io/archive.go:318.55,320.5 1 0
github.com/Fantom-foundation/Carmen/go/database/mpt/io/archive.go:321.4,321.27 1 1
github.com/Fantom-foundation/Carmen/go/database/mpt/io/archive.go:323.12,325.54 2 1
github.com/Fantom-foundation/Carmen/go/database/mpt/io/archive.go:325.54,327.5 1 0
github.com/Fantom-foundation/Carmen/go/database/mpt/io/archive.go:328.4,328.48 1 1
github.com/Fantom-foundation/Carmen/go/database/mpt/io/archive.go:328.48,330.5 1 0
github.com/Fantom-foundation/Carmen/go/database/mpt/io/archive.go:332.12,335.53 3 1
github.com/Fantom-foundation/Carmen/go/database/mpt/io/archive.go:335.53,337.5 1 0
github.com/Fantom-foundation/Carmen/go/database/mpt/io/archive.go:338.4,338.55 1 1
github.com/Fantom-foundation/Carmen/go/database/mpt/io/archive.go:338.55,340.5 1 0
github.com/Fantom-foundation/Carmen/go/database/mpt/io/archive.go:341.4,341.31 1 1
github.com/Fantom-foundation/Carmen/go/database/mpt/io/archive.go:343.12,345.53 2 1
github.com/Fantom-foundation/Carmen/go/database/mpt/io/archive.go:345.53,347.5 1 0
github.com/Fantom-foundation/Carmen/go/database/mpt/io/archive.go:348.4,348.27 1 1
github.com/Fantom-foundation/Carmen/go/database/mpt/io/archive.go:350.11,351.87 1 0
github.com/Fantom-foundation/Carmen/go/database/mpt/io/archive.go:365.40,371.2 1 1
github.com/Fantom-foundation/Carmen/go/database/mpt/io/archive.go:373.46,375.2 1 1
github.com/Fantom-foundation/Carmen/go/database/mpt/io/archive.go:377.48,379.2 1 1
github.com/Fantom-foundation/Carmen/go/database/mpt/io/archive.go:381.56,384.2 2 1
github.com/Fantom-foundation/Carmen/go/database/mpt/io/archive.go:386.60,388.2 1 1
github.com/Fantom-foundation/Carmen/go/database/mpt/io/archive.go:390.41,392.2 1 1
github.com/Fantom-foundation/Carmen/go/database/mpt/io/archive.go:394.59,396.2 1 1
github.com/Fantom-foundation/Carmen/go/database/mpt/io/archive.go:398.54,400.2 1 1
github.com/Fantom-foundation/Carmen/go/database/mpt/io/archive.go:402.57,404.12 2 1
github.com/Fantom-foundation/Carmen/go/database/mpt/io/archive.go:404.12,406.3 1 0
github.com/Fantom-foundation/Carmen/go/database/mpt/io/archive.go:407.2,408.12 2 1
github.com/Fantom-foundation/Carmen/go/database/mpt/io/archive.go:411.69,413.2 1 1
github.com/Fantom-foundation/Carmen/go/database/mpt/io/archive.go:415.52,417.2 1 1
github.com/Fantom-foundation/Carmen/go/database/mpt/io/archive.go:419.94,420.31 1 1
github.com/Fantom-foundation/Carmen/go/database/mpt/io/archive.go:420.31,422.3 1 1
github.com/Fantom-foundation/Carmen/go/database/mpt/io/archive.go:423.2,423.30 1 1
github.com/Fantom-foundation/Carmen/go/database/mpt/io/archive.go:423.30,425.3 1 0
github.com/Fantom-foundation/Carmen/go/database/mpt/io/archive.go:426.2,427.16 2 1
github.com/Fantom-foundation/Carmen/go/database/mpt/io/archive.go:427.16,429.3 1 0
github.com/Fantom-foundation/Carmen/go/database/mpt/io/archive.go:430.2,430.76 1 1
github.com/Fantom-foundation/Carmen/go/database/mpt/io/archive.go:430.76,432.3 1 0
github.com/Fantom-foundation/Carmen/go/database/mpt/io/archive.go:433.2,435.16 3 1
github.com/Fantom-foundation/Carmen/go/database/mpt/io/archive.go:435.16,437.3 1 0
github.com/Fantom-foundation/Carmen/go/database/mpt/io/archive.go:438.2,438.32 1 1
github.com/Fantom-foundation/Carmen/go/database/mpt/io/archive.go:438.32,440.3 1 0
github.com/Fantom-foundation/Carmen/go/database/mpt/io/archive.go:442.2,444.12 3 1
github.com/Fantom-foundation/Carmen/go/database/mpt/io/codes.go:23.68,26.41 2 1
github.com/Fantom-foundation/Carmen/go/database/mpt/io/codes.go:26.41,26.85 1 1
github.com/Fantom-foundation/Carmen/go/database/mpt/io/codes.go:27.2,27.30 1 1
github.com/Fantom-foundation/Carmen/go/database/mpt/io/codes.go:27.30,31.41 4 1
github.com/Fantom-foundation/Carmen/go/database/mpt/io/codes.go:31.41,33.4 1 0
github.com/Fantom-foundation/Carmen/go/database/mpt/io/codes.go:34.3,34.44 1 1
github.com/Fantom-foundation/Carmen/go/database/mpt/io/codes.go:34.44,36.4 1 0
github.com/Fantom-foundation/Carmen/go/database/mpt/io/codes.go:38.2,38.12 1 1
github.com/Fantom-foundation/Carmen/go/database/mpt/io/codes.go:41.45,43.54 2 1
github.com/Fantom-foundation/Carmen/go/database/mpt/io/codes.go:43.54,45.3 1 0
github.com/Fantom-foundation/Carmen/go/database/mpt/io/codes.go:46.2,47.49 2 1
github.com/Fantom-foundation/Carmen/go/database/mpt/io/codes.go:47.49,49.3 1 0
github.com/Fantom-foundation/Carmen/go/database/mpt/io/codes.go:50.2,50.18 1 1
github.com/Fantom-foundation/Carmen/go/database/mpt/io/exportable.go:33.69,35.2 1 1
github.com/Fantom-foundation/Carmen/go/database/mpt/io/exportable.go:37.63,39.2 1 1
github.com/Fantom-foundation/Carmen/go/database/mpt/io/exportable.go:41.72,42.41 1 1
github.com/Fantom-foundation/Carmen/go/database/mpt/io/exportable.go:42.41,44.3 1 1
github.com/Fantom-foundation/Carmen/go/database/mpt/io/exportable.go:45.2,45.22 1 1
github.com/Fantom-foundation/Carmen/go/database/mpt/io/info.go:25.63,27.43 1 1
github.com/Fantom-foundation/Carmen/go/database/mpt/io/info.go:27.43,29.3 1 1
github.com/Fantom-foundation/Carmen/go/database/mpt/io/info.go:29.8,29.26 1 1
github.com/Fantom-foundation/Carmen/go/database/mpt/io/info.go:29.26,31.3 1 1
github.com/Fantom-foundation/Carmen/go/database/mpt/io/info.go:34.2,34.24 1 1
github.com/Fantom-foundation/Carmen/go/database/mpt/io/info.go:37.46,40.16 3 1
github.com/Fantom-foundation/Carmen/go/database/mpt/io/info.go:40.16,42.3 1 1
github.com/Fantom-foundation/Carmen/go/database/mpt/io/info.go:44.2,44.14 1 1
github.com/Fantom-foundation/Carmen/go/database/mpt/io/info.go:44.14,46.3 1 1
github.com/Fantom-foundation/Carmen/go/database/mpt/io/info.go:49.2,50.12 2 1
github.com/Fantom-foundation/Carmen/go/database/mpt/io/info.go:50.12,52.3 1 1
github.com/Fantom-foundation/Carmen/go/database/mpt/io/info.go:54.2,55.18 2 1
github.com/Fantom-foundation/Carmen/go/database/mpt/io/info.go:55.18,57.3 1 1
github.com/Fantom-foundation/Carmen/go/database/mpt/io/info.go:59.2,62.8 1 1
github.com/Fantom-foundation/Carmen/go/database/mpt/io/live.go:61.73,63.16 2 1
github.com/Fantom-foundation/Carmen/go/database/mpt/io/live.go:63.16,65.3 1 0
github.com/Fantom-foundation/Carmen/go/database/mpt/io/live.go:67.2,67.47 1 1
github.com/Fantom-foundation/Carmen/go/database/mpt/io/live.go:67.47,69.3 1 0
github.com/Fantom-foundation/Carmen/go/database/mpt/io/live.go:71.2,72.16 2 1
github.com/Fantom-foundation/Carmen/go/database/mpt/io/live.go:72.16,74.3 1 0
github.com/Fantom-foundation/Carmen/go/database/mpt/io/live.go:75.2,77.33 2 1
github.com/Fantom-foundation/Carmen/go/database/mpt/io/live.go:80.98,82.16 2 1
github.com/Fantom-foundation/Carmen/go/database/mpt/io/live.go:82.16,84.3 1 0
github.com/Fantom-foundation/Carmen/go/database/mpt/io/live.go:86.2,86.50 1 1
github.com/Fantom-foundation/Carmen/go/database/mpt/io/live.go:86.50,88.3 1 0
github.com/Fantom-foundation/Carmen/go/database/mpt/io/live.go:90.2,91.16 2 1
github.com/Fantom-foundation/Carmen/go/database/mpt/io/live.go:91.16,93.3 1 0
github.com/Fantom-foundation/Carmen/go/database/mpt/io/live.go:95.2,96.81 2 1
github.com/Fantom-foundation/Carmen/go/database/mpt/io/live.go:100.74,102.55 1 1
github.com/Fantom-foundation/Carmen/go/database/mpt/io/live.go:102.55,104.3 1 0
github.com/Fantom-foundation/Carmen/go/database/mpt/io/live.go:107.2,107.60 1 1
github.com/Fantom-foundation/Carmen/go/database/mpt/io/live.go:107.60,109.3 1 0
github.com/Fantom-foundation/Carmen/go/database/mpt/io/live.go:112.2,113.16 2 1
github.com/Fantom-foundation/Carmen/go/database/mpt/io/live.go:113.16,115.3 1 0
github.com/Fantom-foundation/Carmen/go/database/mpt/io/live.go:116.2,116.76 1 1
github.com/Fantom-foundation/Carmen/go/database/mpt/io/live.go:116.76,118.3 1 0
github.com/Fantom-foundation/Carmen/go/database/mpt/io/live.go:119.2,119.46 1 1
github.com/Fantom-foundation/Carmen/go/database/mpt/io/live.go:119.46,121.3 1 0
github.com/Fantom-foundation/Carmen/go/database/mpt/io/live.go:124.2,125.16 2 1
github.com/Fantom-foundation/Carmen/go/database/mpt/io/live.go:125.16,127.3 1 0
github.com/Fantom-foundation/Carmen/go/database/mpt/io/live.go:128.2,128.47 1 1
github.com/Fantom-foundation/Carmen/go/database/mpt/io/live.go:128.47,130.3 1 0
github.com/Fantom-foundation/Carmen/go/database/mpt/io/live.go:133.2,134.65 2 1
github.com/Fantom-foundation/Carmen/go/database/mpt/io/live.go:134.65,136.3 1 1
github.com/Fantom-foundation/Carmen/go/database/mpt/io/live.go:138.2,138.12 1 1
github.com/Fantom-foundation/Carmen/go/database/mpt/io/live.go:143.57,146.2 2 1
github.com/Fantom-foundation/Carmen/go/database/mpt/io/live.go:151.82,154.16 2 1
github.com/Fantom-foundation/Carmen/go/database/mpt/io/live.go:154.16,156.3 1 1
github.com/Fantom-foundation/Carmen/go/database/mpt/io/live.go:159.2,161.16 3 1
github.com/Fantom-foundation/Carmen/go/database/mpt/io/live.go:161.16,163.3 1 0
github.com/Fantom-foundation/Carmen/go/database/mpt/io/live.go:164.2,165.65 2 1
github.com/Fantom-foundation/Carmen/go/database/mpt/io/live.go:165.65,167.3 1 0
github.com/Fantom-foundation/Carmen/go/database/mpt/io/live.go:170.2,171.37 2 1
github.com/Fantom-foundation/Carmen/go/database/mpt/io/live.go:171.37,176.3 1 1
github.com/Fantom-foundation/Carmen/go/database/mpt/io/live.go:177.2,181.94 2 1
github.com/Fantom-foundation/Carmen/go/database/mpt/io/live.go:181.94,183.3 1 0
github.com/Fantom-foundation/Carmen/go/database/mpt/io/live.go:184.2,184.12 1 1
github.com/Fantom-foundation/Carmen/go/database/mpt/io/live.go:187.117,189.55 1 1
github.com/Fantom-foundation/Carmen/go/database/mpt/io/live.go:189.55,191.3 1 1
github.com/Fantom-foundation/Carmen/go/database/mpt/io/live.go:194.2,195.51 2 1
github.com/Fantom-foundation/Carmen/go/database/mpt/io/live.go:195.51,197.3 1 0
github.com/Fantom-foundation/Carmen/go/database/mpt/io/live.go:197.8,197.51 1 1
github.com/Fantom-foundation/Carmen/go/database/mpt/io/live.go:197.51,199.3 1 0
github.com/Fantom-foundation/Carmen/go/database/mpt/io/live.go:202.2,202.56 1 1
github.com/Fantom-foundation/Carmen/go/database/mpt/io/live.go:202.56,204.3 1 0
github.com/Fantom-foundation/Carmen/go/database/mpt/io/live.go:204.8,204.39 1 1
github.com/Fantom-foundation/Carmen/go/database/mpt/io/live.go:204.39,206.3 1 0
github.com/Fantom-foundation/Carmen/go/database/mpt/io/live.go:209.2,210.16 2 1
github.com/Fantom-foundation/Carmen/go/database/mpt/io/live.go:210.16,212.3 1 0
github.com/Fantom-foundation/Carmen/go/database/mpt/io/live.go:213.2,213.15 1 1
github.com/Fantom-foundation/Carmen/go/database/mpt/io/live.go:213.15,215.3 1 1
github.com/Fantom-foundation/Carmen/go/database/mpt/io/live.go:217.2,235.6 7 1
github.com/Fantom-foundation/Carmen/go/database/mpt/io/live.go:235.6,239.31 2 1
github.com/Fantom-foundation/Carmen/go/database/mpt/io/live.go:239.31,240.42 1 0
github.com/Fantom-foundation/Carmen/go/database/mpt/io/live.go:240.42,242.5 1 0
github.com/Fantom-foundation/Carmen/go/database/mpt/io/live.go:245.3,245.52 1 1
github.com/Fantom-foundation/Carmen/go/database/mpt/io/live.go:245.52,246.21 1 1
github.com/Fantom-foundation/Carmen/go/database/mpt/io/live.go:246.21,247.19 1 1
github.com/Fantom-foundation/Carmen/go/database/mpt/io/live.go:247.19,249.6 1 0
github.com/Fantom-foundation/Carmen/go/database/mpt/io/live.go:251.5,252.19 2 1
github.com/Fantom-foundation/Carmen/go/database/mpt/io/live.go:252.19,254.6 1 0
github.com/Fantom-foundation/Carmen/go/database/mpt/io/live.go:255.5,255.26 1 1
github.com/Fantom-foundation/Carmen/go/database/mpt/io/live.go:255.26,257.6 1 0
github.com/Fantom-foundation/Carmen/go/database/mpt/io/live.go:258.5,258.37 1 1
github.com/Fantom-foundation/Carmen/go/database/mpt/io/live.go:260.4,260.26 1 0
github.com/Fantom-foundation/Carmen/go/database/mpt/io/live.go:262.3,262.20 1 1
github.com/Fantom-foundation/Carmen/go/database/mpt/io/live.go:263.12,264.54 1 1
github.com/Fantom-foundation/Carmen/go/database/mpt/io/live.go:264.54,266.5 1 0
github.com/Fantom-foundation/Carmen/go/database/mpt/io/live.go:267.4,267.57 1 1
github.com/Fantom-foundation/Carmen/go/database/mpt/io/live.go:267.57,269.5 1 0
github.com/Fantom-foundation/Carmen/go/database/mpt/io/live.go:270.4,270.82 1 1
github.com/Fantom-foundation/Carmen/go/database/mpt/io/live.go:270.82,272.5 1 0
github.com/Fantom-foundation/Carmen/go/database/mpt/io/live.go:273.4,273.55 1 1
github.com/Fantom-foundation/Carmen/go/database/mpt/io/live.go:273.55,275.5 1 0
github.com/Fantom-foundation/Carmen/go/database/mpt/io/live.go:276.4,276.51 1 1
github.com/Fantom-foundation/Carmen/go/database/mpt/io/live.go:276.51,278.5 1 0
github.com/Fantom-foundation/Carmen/go/database/mpt/io/live.go:279.4,279.54 1 1
github.com/Fantom-foundation/Carmen/go/database/mpt/io/live.go:279.54,281.5 1 0
github.com/Fantom-foundation/Carmen/go/database/mpt/io/live.go:282.4,282.41 1 1
github.com/Fantom-foundation/Carmen/go/database/mpt/io/live.go:282.41,283.50 1 1
github.com/Fantom-foundation/Carmen/go/database/mpt/io/live.go:283.50,285.6 1 0
github.com/Fantom-foundation/Carmen/go/database/mpt/io/live.go:286.10,288.5 1 0
github.com/Fantom-foundation/Carmen/go/database/mpt/io/live.go:290.12,291.53 1 1
github.com/Fantom-foundation/Carmen/go/database/mpt/io/live.go:291.53,293.5 1 0
github.com/Fantom-foundation/Carmen/go/database/mpt/io/live.go:294.4,294.55 1 1
github.com/Fantom-foundation/Carmen/go/database/mpt/io/live.go:294.55,296.5 1 0
github.com/Fantom-foundation/Carmen/go/database/mpt/io/live.go:297.4,297.58 1 1
github.com/Fantom-foundation/Carmen/go/database/mpt/io/live.go:297.58,299.5 1 0
github.com/Fantom-foundation/Carmen/go/database/mpt/io/live.go:301.12,303.18 2 1
github.com/Fantom-foundation/Carmen/go/database/mpt/io/live.go:303.18,305.5 1 0
github.com/Fantom-foundation/Carmen/go/database/mpt/io/live.go:306.4,306.40 1 1
github.com/Fantom-foundation/Carmen/go/database/mpt/io/live.go:307.12,308.53 1 1
github.com/Fantom-foundation/Carmen/go/database/mpt/io/live.go:308.53,310.5 1 0
github.com/Fantom-foundation/Carmen/go/database/mpt/io/live.go:311.4,313.54 3 1
github.com/Fantom-foundation/Carmen/go/database/mpt/io/live.go:313.54,315.5 1 0
github.com/Fantom-foundation/Carmen/go/database/mpt/io/live.go:316.4,316.32 1 1
github.com/Fantom-foundation/Carmen/go/database/mpt/io/live.go:316.32,319.5 2 1
github.com/Fantom-foundation/Carmen/go/database/mpt/io/live.go:320.11,321.99 1 0
github.com/Fantom-foundation/Carmen/go/database/mpt/io/live.go:328.72,330.91 2 1
github.com/Fantom-foundation/Carmen/go/database/mpt/io/live.go:330.91,331.43 1 1
github.com/Fantom-foundation/Carmen/go/database/mpt/io/live.go:331.43,334.21 3 1
github.com/Fantom-foundation/Carmen/go/database/mpt/io/live.go:334.21,336.5 1 1
github.com/Fantom-foundation/Carmen/go/database/mpt/io/live.go:337.4,337.33 1 1
github.com/Fantom-foundation/Carmen/go/database/mpt/io/live.go:339.3,339.35 1 1
github.com/Fantom-foundation/Carmen/go/database/mpt/io/live.go:341.2,341.19 1 1
github.com/Fantom-foundation/Carmen/go/database/mpt/io/live.go:352.80,354.34 1 1
github.com/Fantom-foundation/Carmen/go/database/mpt/io/live.go:354.34,357.3 2 1
github.com/Fantom-foundation/Carmen/go/database/mpt/io/live.go:358.2,358.26 1 1
github.com/Fantom-foundation/Carmen/go/database/mpt/io/live.go:359.24,362.59 3 1
github.com/Fantom-foundation/Carmen/go/database/mpt/io/live.go:362.59,365.4 2 0
github.com/Fantom-foundation/Carmen/go/database/mpt/io/live.go:366.3,366.49 1 1
github.com/Fantom-foundation/Carmen/go/database/mpt/io/live.go:366.49,369.4 2 0
github.com/Fantom-foundation/Carmen/go/database/mpt/io/live.go:370.3,371.46 2 1
github.com/Fantom-foundation/Carmen/go/database/mpt/io/live.go:371.46,374.4 2 0
github.com/Fantom-foundation/Carmen/go/database/mpt/io/live.go:375.3,375.55 1 1
github.com/Fantom-foundation/Carmen/go/database/mpt/io/live.go:375.55,378.4 2 0
github.com/Fantom-foundation/Carmen/go/database/mpt/io/live.go:379.3,379.58 1 1
github.com/Fantom-foundation/Carmen/go/database/mpt/io/live.go:379.58,382.4 2 0
github.com/Fantom-foundation/Carmen/go/database/mpt/io/live.go:383.22,386.59 3 1
github.com/Fantom-foundation/Carmen/go/database/mpt/io/live.go:386.59,389.4 2 0
github.com/Fantom-foundation/Carmen/go/database/mpt/io/live.go:390.3,390.48 1 1
github.com/Fantom-foundation/Carmen/go/database/mpt/io/live.go:390.48,393.4 2 0
github.com/Fantom-foundation/Carmen/go/database/mpt/io/live.go:394.3,394.50 1 1
github.com/Fantom-foundation/Carmen/go/database/mpt/io/live.go:394.50,397.4 2 0
github.com/Fantom-foundation/Carmen/go/database/mpt/io/live.go:399.2,399.34 1 1
github.com/Fantom-foundation/Carmen/go/database/mpt/io/live.go:402.50,404.16 2 1
github.com/Fantom-foundation/Carmen/go/database/mpt/io/live.go:404.16,406.3 1 1
github.com/Fantom-foundation/Carmen/go/database/mpt/io/live.go:407.2,409.16 3 1
github.com/Fantom-foundation/Carmen/go/database/mpt/io/live.go:409.16,411.3 1 0
github.com/Fantom-foundation/Carmen/go/database/mpt/io/live.go:412.2,412.20 1 1
github.com/Fantom-foundation/Carmen/go/database/mpt/io/live.go:412.20,414.3 1 1
github.com/Fantom-foundation/Carmen/go/database/mpt/io/live.go:415.2,416.16 2 1
github.com/Fantom-foundation/Carmen/go/database/mpt/io/live.go:416.16,418.3 1 1
github.com/Fantom-foundation/Carmen/go/database/mpt/io/live.go:419.2,419.29 1 1
github.com/Fantom-foundation/Carmen/go/database/mpt/io/live.go:419.29,421.3 1 0
github.com/Fantom-foundation/Carmen/go/database/mpt/io/live.go:422.2,422.12 1 1
